2018-07-19 02:01:03 +0000 [MT] Initial pipeline context: <IDEDistributionProcessingPipelineContext: 0x7fc8586b13a0; archive(resolved)='<IDEArchive: 0x7fc8587545f0>', distributionTask(resolved)='2', distributionMethod(resolved)='<IDEDistributionMethodiOSEnterprise: 0x7fc85866ac40>', team(resolved)='<IDEProvisioningBasicTeam: 0x7fc8586adba0; teamID='8AJ37769V6', teamName='(null)'>'>
	Chain (11, self inclusive):
	<IDEDistributionProcessingPipelineContext: 0x7fc8586b13a0; archive = '<IDEArchive: 0x7fc8587545f0>', distributionMethod='<IDEDistributionMethodiOSEnterprise: 0x7fc85866ac40>', team='<IDEProvisioningBasicTeam: 0x7fc8586adba0; teamID='8AJ37769V6', teamName='(null)'>'>
	<IDEDistributionProcessingPipelineContext: 0x7fc8586c2f30; archive = '<IDEArchive: 0x7fc8587545f0>', distributionMethod='<IDEDistributionMethodiOSEnterprise: 0x7fc85866ac40>', team='<IDEProvisioningBasicTeam: 0x7fc8586adba0; teamID='8AJ37769V6', teamName='(null)'>'>
	<IDEDistributionContext: 0x7fc8586b5a60; archive = '<IDEArchive: 0x7fc8587545f0>', distributionMethod='<IDEDistributionMethodiOSEnterprise: 0x7fc85866ac40>', team='<IDEProvisioningBasicTeam: 0x7fc8586adba0; teamID='8AJ37769V6', teamName='(null)'>'>
	<IDEDistributionContext: 0x7fc8586ae9d0; archive = '<IDEArchive: 0x7fc8587545f0>', distributionMethod='<IDEDistributionMethodiOSEnterprise: 0x7fc85866ac40>', team='<IDEProvisioningBasicTeam: 0x7fc8586adba0; teamID='8AJ37769V6', teamName='(null)'>'>
	<IDEDistributionContext: 0x7fc858797670; archive = '<IDEArchive: 0x7fc8587545f0>', distributionMethod='<IDEDistributionMethodiOSEnterprise: 0x7fc85866ac40>', team='<IDEProvisioningBasicTeam: 0x7fc8586adba0; teamID='8AJ37769V6', teamName='(null)'>'>
	<IDEDistributionContext: 0x7fc858797040; archive = '<IDEArchive: 0x7fc8587545f0>', distributionMethod='<IDEDistributionMethodiOSEnterprise: 0x7fc85866ac40>', team='<IDEProvisioningBasicTeam: 0x7fc8586adba0; teamID='8AJ37769V6', teamName='(null)'>'>
	<IDEDistributionContext: 0x7fc85869d550; archive = '<IDEArchive: 0x7fc8587545f0>', distributionMethod='<IDEDistributionMethodiOSEnterprise: 0x7fc85866ac40>', team='<IDEProvisioningBasicTeam: 0x7fc8586adba0; teamID='8AJ37769V6', teamName='(null)'>'>
	<IDEDistributionContext: 0x7fc858795ad0; archive = '<IDEArchive: 0x7fc8587545f0>', distributionMethod='<IDEDistributionMethodiOSEnterprise: 0x7fc85866ac40>', team='<IDEProvisioningBasicTeam: 0x7fc8586adba0; teamID='8AJ37769V6', teamName='(null)'>'>
	<IDEDistributionContext: 0x7fc85845f240; archive = '<IDEArchive: 0x7fc8587545f0>', distributionMethod='<IDEDistributionMethodiOSEnterprise: 0x7fc85866ac40>', team='<IDEProvisioningBasicTeam: 0x7fc8586adba0; teamID='8AJ37769V6', teamName='(null)'>'>
	<IDEDistributionContext: 0x7fc855cc71b0; archive = '<IDEArchive: 0x7fc8587545f0>', distributionMethod='<IDEDistributionMethodiOSEnterprise: 0x7fc85866ac40>', team='(null)'>
	<IDEDistributionContext: 0x7fc8587553e0; archive = '<IDEArchive: 0x7fc8587545f0>', distributionMethod='(null)', team='(null)'>
</IDEDistributionProcessingPipelineContext: 0x7fc8586b13a0>
2018-07-19 02:01:03 +0000 [MT] Processing step: IDEDistributionCreateDestRootStep
2018-07-19 02:01:03 +0000 [MT] Processing step: IDEDistributionCopyItemStep
2018-07-19 02:01:03 +0000 [MT] Running /usr/bin/ditto '-V' '/Users/mawei/Desktop/Code/Jenkin/Demo/test/build/Test.xcarchive/Products/Applications/Test.app' '/var/folders/bh/k0h653g563z4grv_fgpmh9c40000gn/T/XcodeDistPipeline.IvG/Root/Payload/Test.app'
2018-07-19 02:01:03 +0000  >>> Copying /Users/mawei/Desktop/Code/Jenkin/Demo/test/build/Test.xcarchive/Products/Applications/Test.app 
2018-07-19 02:01:03 +0000  copying file ./_CodeSignature/CodeResources ... 
2018-07-19 02:01:03 +0000  4803 bytes for ./_CodeSignature/CodeResources
2018-07-19 02:01:03 +0000  copying file ./Test ... 
2018-07-19 02:01:03 +0000  1207968 bytes for ./Test
2018-07-19 02:01:03 +0000  copying file ./Base.lproj/Main.storyboardc/UIViewController-BYZ-38-t0r.nib ... 
2018-07-19 02:01:03 +0000  916 bytes for ./Base.lproj/Main.storyboardc/UIViewController-BYZ-38-t0r.nib
copying file ./Base.lproj/Main.storyboardc/BYZ-38-t0r-view-8bC-Xf-vdC.nib ... 
2018-07-19 02:01:03 +0000  1985 bytes for ./Base.lproj/Main.storyboardc/BYZ-38-t0r-view-8bC-Xf-vdC.nib
copying file ./Base.lproj/Main.storyboardc/Info.plist ... 
2018-07-19 02:01:03 +0000  258 bytes for ./Base.lproj/Main.storyboardc/Info.plist
2018-07-19 02:01:03 +0000  copying file ./Base.lproj/LaunchScreen.storyboardc/01J-lp-oVM-view-Ze5-6b-2t3.nib ... 
2018-07-19 02:01:03 +0000  1987 bytes for ./Base.lproj/LaunchScreen.storyboardc/01J-lp-oVM-view-Ze5-6b-2t3.nib
2018-07-19 02:01:03 +0000  copying file ./Base.lproj/LaunchScreen.storyboardc/UIViewController-01J-lp-oVM.nib ... 
2018-07-19 02:01:03 +0000  832 bytes for ./Base.lproj/LaunchScreen.storyboardc/UIViewController-01J-lp-oVM.nib
copying file ./Base.lproj/LaunchScreen.storyboardc/Info.plist ... 
2018-07-19 02:01:03 +0000  258 bytes for ./Base.lproj/LaunchScreen.storyboardc/Info.plist
2018-07-19 02:01:03 +0000  copying file ./embedded.mobileprovision ... 
2018-07-19 02:01:03 +0000  7583 bytes for ./embedded.mobileprovision
copying file ./Info.plist ... 
2018-07-19 02:01:03 +0000  1100 bytes for ./Info.plist
copying file ./PkgInfo ... 
2018-07-19 02:01:03 +0000  8 bytes for ./PkgInfo
2018-07-19 02:01:03 +0000  2018-07-19 02:01:03 +0000  

2018-07-19 02:01:03 +0000 [MT] /usr/bin/ditto exited with 0
2018-07-19 02:01:03 +0000  
2018-07-19 02:01:03 +0000  2018-07-19 02:01:03 +0000 [MT] Processing step: IDEDistributionEmbedProfileStep

2018-07-19 02:01:03 +0000 [MT] Processing step: IDEDistributionAppThinningPlistStep
2018-07-19 02:01:03 +0000 [MT] Skipping step: IDEDistributionAppThinningPlistStep because it said so
2018-07-19 02:01:03 +0000 [MT] Processing step: IDEDistributionCompileBitcodeStep
2018-07-19 02:01:03 +0000 [MT] Skipping step: IDEDistributionCompileBitcodeStep because it said so
2018-07-19 02:01:03 +0000 [MT] Processing step: IDEDistributionCodeSlimmingStep
2018-07-19 02:01:03 +0000 [MT] Processing step: IDEDistributionCopyBCSymbolMapsStep
2018-07-19 02:01:03 +0000 [MT] Skipping step: IDEDistributionCopyBCSymbolMapsStep because it said so
2018-07-19 02:01:03 +0000 [MT] Processing step: IDEDistributionSymbolsStep
2018-07-19 02:01:03 +0000 [MT] Skipping step: IDEDistributionSymbolsStep because it said so
2018-07-19 02:01:03 +0000 [MT] Processing step: IDEDistributionAppThinningStep
2018-07-19 02:01:03 +0000 [MT] Skipping step: IDEDistributionAppThinningStep because it said so
2018-07-19 02:01:03 +0000 [MT] Processing step: IDEDistributionODRStep
2018-07-19 02:01:03 +0000 [MT] Processing step: IDEDistributionStripXattrsStep
2018-07-19 02:01:03 +0000 [MT] Running /usr/bin/xattr '-crs' '/var/folders/bh/k0h653g563z4grv_fgpmh9c40000gn/T/XcodeDistPipeline.IvG/Root/Payload/Test.app'
2018-07-19 02:01:04 +0000  
2018-07-19 02:01:04 +0000  2018-07-19 02:01:04 +0000 [MT] /usr/bin/xattr exited with 0

2018-07-19 02:01:04 +0000  
2018-07-19 02:01:04 +0000  
2018-07-19 02:01:04 +0000 [MT] Processing step: IDEDistributionCodesignStep
2018-07-19 02:01:04 +0000 [MT] Entitlements for <IDEDistributionItem: 0x7fc8586b7300 'com.erdev.woge' '<DVTFilePath:0x7fc858754e20:'/Users/mawei/Desktop/Code/Jenkin/Demo/test/build/Test.xcarchive/Products/Applications/Test.app'>'>: {
    "application-identifier" = "8AJ37769V6.com.erdev.woge";
    "com.apple.developer.team-identifier" = 8AJ37769V6;
    "get-task-allow" = 0;
    "keychain-access-groups" =     (
        "8AJ37769V6.com.erdev.woge"
    );
}
2018-07-19 02:01:04 +0000 [MT] Writing entitlements for <IDEDistributionItem: 0x7fc8586b7300 'com.erdev.woge' '<DVTFilePath:0x7fc858754e20:'/Users/mawei/Desktop/Code/Jenkin/Demo/test/build/Test.xcarchive/Products/Applications/Test.app'>'> to: /var/folders/bh/k0h653g563z4grv_fgpmh9c40000gn/T/XcodeDistPipeline.IvG/entitlementsTax3Zw
2018-07-19 02:01:04 +0000 [MT] Running /usr/bin/codesign '-vvv' '--force' '--sign' '9E64A61C9800C9B4FE8B349EBEE73913F040B256' '--preserve-metadata=identifier,flags' '--entitlements' '/var/folders/bh/k0h653g563z4grv_fgpmh9c40000gn/T/XcodeDistPipeline.IvG/entitlementsTax3Zw' '/var/folders/bh/k0h653g563z4grv_fgpmh9c40000gn/T/XcodeDistPipeline.IvG/Root/Payload/Test.app'
2018-07-19 02:01:04 +0000  /var/folders/bh/k0h653g563z4grv_fgpmh9c40000gn/T/XcodeDistPipeline.IvG/Root/Payload/Test.app: signed app bundle with Mach-O universal (armv7 arm64) [com.erdev.woge]
2018-07-19 02:01:04 +0000  
2018-07-19 02:01:04 +0000  2018-07-19 02:01:04 +0000 [MT] /usr/bin/codesign exited with 0

2018-07-19 02:01:04 +0000  
2018-07-19 02:01:04 +0000  
2018-07-19 02:01:04 +0000 [MT] Processing step: IDEDistributionStreamingZipItemStep
2018-07-19 02:01:04 +0000 [MT] Skipping step: IDEDistributionStreamingZipItemStep because it said so
2018-07-19 02:01:04 +0000 [MT] Processing step: IDEDistributionCreateIPAStep
2018-07-19 02:01:04 +0000 [MT] Running /usr/bin/ditto '-V' '-c' '-k' '--norsrc' '/var/folders/bh/k0h653g563z4grv_fgpmh9c40000gn/T/XcodeDistPipeline.IvG/Root' '/var/folders/bh/k0h653g563z4grv_fgpmh9c40000gn/T/XcodeDistPipeline.IvG/Packages/Test.ipa'
2018-07-19 02:01:04 +0000  >>> Copying /var/folders/bh/k0h653g563z4grv_fgpmh9c40000gn/T/XcodeDistPipeline.IvG/Root 
2018-07-19 02:01:04 +0000  copying file ./Payload/Test.app/_CodeSignature/CodeResources ... 
2018-07-19 02:01:04 +0000  4803 bytes for ./Payload/Test.app/_CodeSignature/CodeResources
copying file ./Payload/Test.app/Test ... 
2018-07-19 02:01:04 +0000  334000 bytes for ./Payload/Test.app/Test
2018-07-19 02:01:04 +0000  copying file ./Payload/Test.app/Base.lproj/Main.storyboardc/UIViewController-BYZ-38-t0r.nib ... 
916 bytes for ./Payload/Test.app/Base.lproj/Main.storyboardc/UIViewController-BYZ-38-t0r.nib
copying file ./Payload/Test.app/Base.lproj/Main.storyboardc/BYZ-38-t0r-view-8bC-Xf-vdC.nib ... 
1985 bytes for ./Payload/Test.app/Base.lproj/Main.storyboardc/BYZ-38-t0r-view-8bC-Xf-vdC.nib
copying file ./Payload/Test.app/Base.lproj/Main.storyboardc/Info.plist ... 
258 bytes for ./Payload/Test.app/Base.lproj/Main.storyboardc/Info.plist
copying file ./Payload/Test.app/Base.lproj/LaunchScreen.storyboardc/01J-lp-oVM-view-Ze5-6b-2t3.nib ... 
2018-07-19 02:01:04 +0000  1987 bytes for ./Payload/Test.app/Base.lproj/LaunchScreen.storyboardc/01J-lp-oVM-view-Ze5-6b-2t3.nib
copying file ./Payload/Test.app/Base.lproj/LaunchScreen.storyboardc/UIViewController-01J-lp-oVM.nib ... 
2018-07-19 02:01:04 +0000  832 bytes for ./Payload/Test.app/Base.lproj/LaunchScreen.storyboardc/UIViewController-01J-lp-oVM.nib
copying file ./Payload/Test.app/Base.lproj/LaunchScreen.storyboardc/Info.plist ... 
2018-07-19 02:01:04 +0000  258 bytes for ./Payload/Test.app/Base.lproj/LaunchScreen.storyboardc/Info.plist
copying file ./Payload/Test.app/embedded.mobileprovision ... 
2018-07-19 02:01:04 +0000  7583 bytes for ./Payload/Test.app/embedded.mobileprovision
copying file ./Payload/Test.app/Info.plist ... 
2018-07-19 02:01:04 +0000  1100 bytes for ./Payload/Test.app/Info.plist
copying file ./Payload/Test.app/PkgInfo ... 
2018-07-19 02:01:04 +0000  8 bytes for ./Payload/Test.app/PkgInfo
2018-07-19 02:01:04 +0000  2018-07-19 02:01:04 +0000  

2018-07-19 02:01:04 +0000 [MT] /usr/bin/ditto exited with 0
2018-07-19 02:01:04 +0000  2018-07-19 02:01:04 +0000  

2018-07-19 02:01:04 +0000 [MT] Processing step: IDEDistributionCreateManifestStep
